c:\users\ekirc\source\repos\shashki\shashki\debug\vc142.pdb
c:\users\ekirc\source\repos\shashki\shashki\debug\vc142.idb
c:\users\ekirc\source\repos\shashki\shashki\debug\shashki.obj
c:\users\ekirc\source\repos\shashki\shashki\debug\score.obj
c:\users\ekirc\source\repos\shashki\shashki\debug\main.obj
c:\users\ekirc\source\repos\shashki\shashki\debug\highlightcell.obj
c:\users\ekirc\source\repos\shashki\shashki\debug\gui.obj
c:\users\ekirc\source\repos\shashki\shashki\debug\game.obj
c:\users\ekirc\source\repos\shashki\shashki\debug\cell.obj
c:\users\ekirc\source\repos\shashki\shashki\debug\board.obj
c:\users\ekirc\source\repos\shashki\shashki\debug\application.obj
c:\users\ekirc\source\repos\shashki\shashki\debug\motionsimplechecker.obj
c:\users\ekirc\source\repos\shashki\shashki\debug\motionqueen.obj
c:\users\ekirc\source\repos\shashki\debug\shashki.lib
c:\users\ekirc\source\repos\shashki\debug\shashki.exe
c:\users\ekirc\source\repos\shashki\debug\shashki.ilk
c:\users\ekirc\source\repos\shashki\debug\shashki.pdb
c:\users\ekirc\source\repos\shashki\debug\shashki.exp
c:\users\ekirc\source\repos\shashki\shashki\debug\board.obj.enc
c:\users\ekirc\source\repos\shashki\shashki\debug\shashki.idb
c:\users\ekirc\source\repos\shashki\shashki\debug\shashki.pdb
c:\users\ekirc\source\repos\shashki\shashki\debug\shashki.tlog\cl.command.1.tlog
c:\users\ekirc\source\repos\shashki\shashki\debug\shashki.tlog\cl.read.1.tlog
c:\users\ekirc\source\repos\shashki\shashki\debug\shashki.tlog\cl.write.1.tlog
c:\users\ekirc\source\repos\shashki\shashki\debug\shashki.tlog\lib-link.read.1.tlog
c:\users\ekirc\source\repos\shashki\shashki\debug\shashki.tlog\lib-link.write.1.tlog
c:\users\ekirc\source\repos\shashki\shashki\debug\shashki.tlog\lib.command.1.tlog
c:\users\ekirc\source\repos\shashki\shashki\debug\shashki.tlog\link.12676.delete.1.tlog
c:\users\ekirc\source\repos\shashki\shashki\debug\shashki.tlog\link.29036.delete.1.tlog
c:\users\ekirc\source\repos\shashki\shashki\debug\shashki.tlog\link.32160.delete.1.tlog
c:\users\ekirc\source\repos\shashki\shashki\debug\shashki.tlog\link.36476.delete.1.tlog
c:\users\ekirc\source\repos\shashki\shashki\debug\shashki.tlog\link.39776.delete.1.tlog
c:\users\ekirc\source\repos\shashki\shashki\debug\shashki.tlog\link.41692.delete.1.tlog
c:\users\ekirc\source\repos\shashki\shashki\debug\shashki.tlog\link.41724.delete.1.tlog
c:\users\ekirc\source\repos\shashki\shashki\debug\shashki.tlog\link.43360.delete.1.tlog
c:\users\ekirc\source\repos\shashki\shashki\debug\shashki.tlog\link.45000.delete.1.tlog
c:\users\ekirc\source\repos\shashki\shashki\debug\shashki.tlog\link.45812.delete.1.tlog
c:\users\ekirc\source\repos\shashki\shashki\debug\shashki.tlog\link.command.1.tlog
c:\users\ekirc\source\repos\shashki\shashki\debug\shashki.tlog\link.read.1.tlog
c:\users\ekirc\source\repos\shashki\shashki\debug\shashki.tlog\link.write.1.tlog
c:\users\ekirc\source\repos\shashki\shashki\debug\shashki.tlog\shashki.write.1u.tlog
